Using pre-set license
Built from '2020.3/release' branch; Version is '2020.3.12f1 (b3b2c6512326) revision 11776710'; Using compiler version '192528614'; Build Type 'Release'
OS: 'Windows 10 Pro; OS build 19042.1052; Version 2009; 64bit' Language: 'ko' Physical Memory: 16322 MB
BatchMode: 1, IsHumanControllingUs: 0, StartBugReporterOnCrash: 0, Is64bit: 1, IsPro: 0

 COMMAND LINE ARGUMENTS:
C:\Program Files\Unity\Hub\Editor\2020.3.12f1\Editor\Unity.exe
-adb2
-batchMode
-noUpm
-name
AssetImportWorker0
-projectPath
C:/Users/jjjun_ii/ImageTracking
-logFile
Logs/AssetImportWorker0.log
-srvPort
53868
Successfully changed project path to: C:/Users/jjjun_ii/ImageTracking
C:/Users/jjjun_ii/ImageTracking
Using Asset Import Pipeline V2.
Refreshing native plugins compatible for Editor in 33.13 ms, found 2 plugins.
Preloading 0 native plugins for Editor in 0.00 ms.
Initialize engine version: 2020.3.12f1 (b3b2c6512326)
[Subsystems] Discovering subsystems at path C:/Program Files/Unity/Hub/Editor/2020.3.12f1/Editor/Data/Resources/UnitySubsystems
[Subsystems] Discovering subsystems at path C:/Users/jjjun_ii/ImageTracking/Assets
GfxDevice: creating device client; threaded=0
Direct3D:
    Version:  Direct3D 11.0 [level 11.1]
    Renderer: NVIDIA GeForce RTX 2060 (ID=0x1f08)
    Vendor:   
    VRAM:     5980 MB
    Driver:   27.21.14.6172
Initialize mono
Mono path[0] = 'C:/Program Files/Unity/Hub/Editor/2020.3.12f1/Editor/Data/Managed'
Mono path[1] = 'C:/Program Files/Unity/Hub/Editor/2020.3.12f1/Editor/Data/MonoBleedingEdge/lib/mono/unityjit'
Mono config path = 'C:/Program Files/Unity/Hub/Editor/2020.3.12f1/Editor/Data/MonoBleedingEdge/etc'
Using monoOptions --debugger-agent=transport=dt_socket,embedding=1,server=y,suspend=n,address=127.0.0.1:56368
Begin MonoManager ReloadAssembly
Registering precompiled unity dll's ...
Register platform support module: C:/Program Files/Unity/Hub/Editor/2020.3.12f1/Editor/Data/PlaybackEngines/WebGLSupport/UnityEditor.WebGL.Extensions.dll
Register platform support module: C:/Program Files/Unity/Hub/Editor/2020.3.12f1/Editor/Data/PlaybackEngines/WindowsStandaloneSupport/UnityEditor.WindowsStandalone.Extensions.dll
Registered in 0.005187 seconds.
Native extension for WindowsStandalone target not found
Native extension for WebGL target not found
Refreshing native plugins compatible for Editor in 26.18 ms, found 2 plugins.
Preloading 0 native plugins for Editor in 0.00 ms.
Mono: successfully reloaded assembly
- Completed reload, in  1.793 seconds
Platform modules already initialized, skipping
Registering precompiled user dll's ...
Registered in 0.006939 seconds.
Begin MonoManager ReloadAssembly
Native extension for WindowsStandalone target not found
Native extension for WebGL target not found
Refreshing native plugins compatible for Editor in 26.24 ms, found 2 plugins.
Preloading 0 native plugins for Editor in 0.00 ms.
Mono: successfully reloaded assembly
- Completed reload, in  0.990 seconds
Platform modules already initialized, skipping
========================================================================
Worker process is ready to serve import requests
Launched and connected shader compiler UnityShaderCompiler.exe after 0.04 seconds
Refreshing native plugins compatible for Editor in 0.37 ms, found 2 plugins.
Preloading 0 native plugins for Editor in 0.00 ms.
Unloading 1814 Unused Serialized files (Serialized files now loaded: 0)
System memory in use before: 81.0 MB.
System memory in use after: 81.1 MB.

Unloading 22 unused Assets to reduce memory usage. Loaded Objects now: 2246.
Total: 1.705700 ms (FindLiveObjects: 0.157900 ms CreateObjectMapping: 0.058100 ms MarkObjects: 1.420300 ms  DeleteObjects: 0.068600 ms)

AssetImportParameters requested are different than current active one (requested -> active):
  custom:framework-win-MediaFoundation: 216162199b28c13a410421893ffa2e32 -> 
  custom:video-decoder-ogg-theora: a1e56fd34408186e4bbccfd4996cb3dc -> 
  custom:container-muxer-webm: aa71ff27fc2769a1b78a27578f13a17b -> 
  custom:container-demuxer-webm: 4f35f7cbe854078d1ac9338744f61a02 -> 
  custom:container-demuxer-ogg: 62fdf1f143b41e24485cea50d1cbac27 -> 
  custom:video-encoder-webm-vp8: eb34c28f22e8b96e1ab97ce403110664 -> 
  custom:video-decoder-webm-vp8: 9c59270c3fd7afecdb556c50c9e8de78 -> 
  custom:audio-decoder-ogg-vorbis: bf7c407c2cedff20999df2af8eb42d56 -> 
  custom:audio-encoder-webm-vorbis: bf7c407c2cedff20999df2af8eb42d56 -> 
========================================================================
Received Import Request.
  path: Assets
  artifactKey: Guid(00000000000000001000000000000000) Importer(815301076,1909f56bfc062723c751e8b465ee728b)
Start importing Assets using Guid(00000000000000001000000000000000) Importer(815301076,1909f56bfc062723c751e8b465ee728b)  -> (artifact id: '42d402b061de3733987d63b9cc3b64de') in 0.004580 seconds 
  Import took 0.006524 seconds .

========================================================================
Received Import Request.
  Time since last request: 656.322505 seconds.
  path: Assets/KakaoTalk_20210701_151340188.jpg
  artifactKey: Guid(387be24e6d6e6e04e8eab9a9bdb0e184) Importer(815301076,1909f56bfc062723c751e8b465ee728b)
Start importing Assets/KakaoTalk_20210701_151340188.jpg using Guid(387be24e6d6e6e04e8eab9a9bdb0e184) Importer(815301076,1909f56bfc062723c751e8b465ee728b)  -> (artifact id: '64a799cc9aa6bc8690d7c99616171c48') in 0.056762 seconds 
  Import took 0.059874 seconds .

========================================================================
Received Import Request.
  Time since last request: 0.000247 seconds.
  path: Assets/KakaoTalk_20210701_151458484.mp4
  artifactKey: Guid(6c6ca94db960ed34993b1f139e958762) Importer(815301076,1909f56bfc062723c751e8b465ee728b)
Start importing Assets/KakaoTalk_20210701_151458484.mp4 using Guid(6c6ca94db960ed34993b1f139e958762) Importer(815301076,1909f56bfc062723c751e8b465ee728b)  -> (artifact id: '52fec60fd9644f1a9cda9624895660b2') in 0.035242 seconds 
  Import took 0.037494 seconds .

========================================================================
Received Import Request.
  Time since last request: 54.437669 seconds.
  path: Assets/ReferenceImageLibrary.asset
  artifactKey: Guid(b7162b6a3690557489a0c7b563021a3e) Importer(815301076,1909f56bfc062723c751e8b465ee728b)
Start importing Assets/ReferenceImageLibrary.asset using Guid(b7162b6a3690557489a0c7b563021a3e) Importer(815301076,1909f56bfc062723c751e8b465ee728b)  -> (artifact id: 'e9ae302ff7d4a1077d3d5ded214b8242') in 0.013755 seconds 
  Import took 0.016075 seconds .

========================================================================
Received Import Request.
  Time since last request: 379.635839 seconds.
  path: Assets/KakaoTalk_20210701_152102370.mp4
  artifactKey: Guid(c0154cbfe9ca6f740a323e475fa5a137) Importer(815301076,1909f56bfc062723c751e8b465ee728b)
Start importing Assets/KakaoTalk_20210701_152102370.mp4 using Guid(c0154cbfe9ca6f740a323e475fa5a137) Importer(815301076,1909f56bfc062723c751e8b465ee728b)  -> (artifact id: '59ffa86d55a86110eae7b6f221274fc5') in 0.003856 seconds 
  Import took 0.006600 seconds .

========================================================================
Received Import Request.
  Time since last request: 0.000159 seconds.
  path: Assets/KakaoTalk_20210701_152209924.jpg
  artifactKey: Guid(31ff172a61efc6f4094345a9e44327c4) Importer(815301076,1909f56bfc062723c751e8b465ee728b)
Start importing Assets/KakaoTalk_20210701_152209924.jpg using Guid(31ff172a61efc6f4094345a9e44327c4) Importer(815301076,1909f56bfc062723c751e8b465ee728b)  -> (artifact id: '8b72c12315ec0b6560675a70a85c9e18') in 0.009239 seconds 
  Import took 0.011421 seconds .

========================================================================
Received Import Request.
  Time since last request: 80.200633 seconds.
  path: Assets/VideoPlayer.prefab
  artifactKey: Guid(7a47ea8d0d4e81c408b84eeb38c3402f) Importer(815301076,1909f56bfc062723c751e8b465ee728b)
Start importing Assets/VideoPlayer.prefab using Guid(7a47ea8d0d4e81c408b84eeb38c3402f) Importer(815301076,1909f56bfc062723c751e8b465ee728b)  -> (artifact id: '70ed1936e355c8168813be9d40ca1dc7') in 0.050117 seconds 
  Import took 0.052611 seconds .

========================================================================
Received Prepare
Registering precompiled user dll's ...
Registered in 0.007022 seconds.
Begin MonoManager ReloadAssembly
Native extension for WindowsStandalone target not found
Native extension for WebGL target not found
Refreshing native plugins compatible for Editor in 0.36 ms, found 2 plugins.
Preloading 0 native plugins for Editor in 0.00 ms.
Mono: successfully reloaded assembly
- Completed reload, in  0.934 seconds
Platform modules already initialized, skipping
Switching build target platform(19) subTarget(0) extendedPlatform(0) -> platform(13) subTarget(537395200) extendedPlatform(0)
Refreshing native plugins compatible for Editor in 0.38 ms, found 2 plugins.
Preloading 0 native plugins for Editor in 0.00 ms.
Unloading 1806 Unused Serialized files (Serialized files now loaded: 0)
System memory in use before: 83.8 MB.
System memory in use after: 83.9 MB.

Unloading 18 unused Assets to reduce memory usage. Loaded Objects now: 2260.
Total: 1.957300 ms (FindLiveObjects: 0.163400 ms CreateObjectMapping: 0.052000 ms MarkObjects: 1.688900 ms  DeleteObjects: 0.052200 ms)

AssetImportParameters requested are different than current active one (requested -> active):
  custom:framework-win-MediaFoundation: 216162199b28c13a410421893ffa2e32 -> 
  custom:video-decoder-ogg-theora: a1e56fd34408186e4bbccfd4996cb3dc -> 
  custom:container-muxer-webm: aa71ff27fc2769a1b78a27578f13a17b -> 
  custom:container-demuxer-webm: 4f35f7cbe854078d1ac9338744f61a02 -> 
  custom:container-demuxer-ogg: 62fdf1f143b41e24485cea50d1cbac27 -> 
  custom:video-encoder-webm-vp8: eb34c28f22e8b96e1ab97ce403110664 -> 
  custom:video-decoder-webm-vp8: 9c59270c3fd7afecdb556c50c9e8de78 -> 
  custom:graphics/normal-map-encoding: 01000000000000000000000000000000 -> 02000000000000000000000000000000
  custom:audio-decoder-ogg-vorbis: bf7c407c2cedff20999df2af8eb42d56 -> 
  custom:audio-encoder-webm-vorbis: bf7c407c2cedff20999df2af8eb42d56 -> 
========================================================================
Received Prepare
Refreshing native plugins compatible for Editor in 5.84 ms, found 2 plugins.
Preloading 0 native plugins for Editor in 0.00 ms.
Unloading 14 Unused Serialized files (Serialized files now loaded: 0)
System memory in use before: 48.1 MB.
System memory in use after: 48.2 MB.

Unloading 14 unused Assets to reduce memory usage. Loaded Objects now: 2260.
Total: 1.903000 ms (FindLiveObjects: 0.161100 ms CreateObjectMapping: 0.050800 ms MarkObjects: 1.632900 ms  DeleteObjects: 0.057300 ms)

AssetImportParameters requested are different than current active one (requested -> active):
  custom:framework-win-MediaFoundation: 216162199b28c13a410421893ffa2e32 -> 
  custom:video-decoder-ogg-theora: a1e56fd34408186e4bbccfd4996cb3dc -> 
  custom:container-muxer-webm: aa71ff27fc2769a1b78a27578f13a17b -> 
  custom:container-demuxer-webm: 4f35f7cbe854078d1ac9338744f61a02 -> 
  custom:container-demuxer-ogg: 62fdf1f143b41e24485cea50d1cbac27 -> 
  custom:video-encoder-webm-vp8: eb34c28f22e8b96e1ab97ce403110664 -> 
  custom:video-decoder-webm-vp8: 9c59270c3fd7afecdb556c50c9e8de78 -> 
  custom:audio-decoder-ogg-vorbis: bf7c407c2cedff20999df2af8eb42d56 -> 
  custom:audio-encoder-webm-vorbis: bf7c407c2cedff20999df2af8eb42d56 -> 
========================================================================
Received Import Request.
  Time since last request: 45.745869 seconds.
  path: Assets/KakaoTalk_20210701_152209924.jpg
  artifactKey: Guid(31ff172a61efc6f4094345a9e44327c4) Importer(815301076,1909f56bfc062723c751e8b465ee728b)
Start importing Assets/KakaoTalk_20210701_152209924.jpg using Guid(31ff172a61efc6f4094345a9e44327c4) Importer(815301076,1909f56bfc062723c751e8b465ee728b)  -> (artifact id: 'e6b124444d7f63657e07ea6d792fae62') in 0.039350 seconds 
  Import took 0.041751 seconds .

========================================================================
Received Import Request.
  Time since last request: 0.000178 seconds.
  path: Assets/KakaoTalk_20210701_152102370.mp4
  artifactKey: Guid(c0154cbfe9ca6f740a323e475fa5a137) Importer(815301076,1909f56bfc062723c751e8b465ee728b)
Start importing Assets/KakaoTalk_20210701_152102370.mp4 using Guid(c0154cbfe9ca6f740a323e475fa5a137) Importer(815301076,1909f56bfc062723c751e8b465ee728b)  -> (artifact id: '635c2a34a0c5999b79fa4283da11585b') in 0.003212 seconds 
  Import took 0.005180 seconds .

========================================================================
Received Prepare
Switching build target platform(13) subTarget(537395200) extendedPlatform(0) -> platform(13) subTarget(524288) extendedPlatform(0)
Refreshing native plugins compatible for Editor in 5.76 ms, found 2 plugins.
Preloading 0 native plugins for Editor in 0.00 ms.
Unloading 14 Unused Serialized files (Serialized files now loaded: 0)
System memory in use before: 48.1 MB.
System memory in use after: 48.2 MB.

Unloading 14 unused Assets to reduce memory usage. Loaded Objects now: 2260.
Total: 2.113800 ms (FindLiveObjects: 0.142900 ms CreateObjectMapping: 0.054500 ms MarkObjects: 1.863400 ms  DeleteObjects: 0.052000 ms)

AssetImportParameters requested are different than current active one (requested -> active):
  buildTarget: platform 13, subtarget 524288, extendedPlatform 0 -> platform 13, subtarget 537395200, extendedPlatform 0
  graphicsApiMask: 2048 -> 2099200
  custom:framework-win-MediaFoundation: 216162199b28c13a410421893ffa2e32 -> 
  custom:video-decoder-ogg-theora: a1e56fd34408186e4bbccfd4996cb3dc -> 
  custom:container-muxer-webm: aa71ff27fc2769a1b78a27578f13a17b -> 
  custom:container-demuxer-webm: 4f35f7cbe854078d1ac9338744f61a02 -> 
  custom:container-demuxer-ogg: 62fdf1f143b41e24485cea50d1cbac27 -> 
  custom:video-encoder-webm-vp8: eb34c28f22e8b96e1ab97ce403110664 -> 
  custom:video-decoder-webm-vp8: 9c59270c3fd7afecdb556c50c9e8de78 -> 
  custom:audio-decoder-ogg-vorbis: bf7c407c2cedff20999df2af8eb42d56 -> 
  custom:audio-encoder-webm-vorbis: bf7c407c2cedff20999df2af8eb42d56 -> 
========================================================================
Received Import Request.
  Time since last request: 15.843236 seconds.
  path: Assets/KakaoTalk_20210701_152209924.jpg
  artifactKey: Guid(31ff172a61efc6f4094345a9e44327c4) Importer(815301076,1909f56bfc062723c751e8b465ee728b)
Start importing Assets/KakaoTalk_20210701_152209924.jpg using Guid(31ff172a61efc6f4094345a9e44327c4) Importer(815301076,1909f56bfc062723c751e8b465ee728b)  -> (artifact id: '4200eb9a8504dcdba8665212f30e1e20') in 0.018638 seconds 
  Import took 0.021025 seconds .

========================================================================
Received Import Request.
  Time since last request: 0.000259 seconds.
  path: Assets/KakaoTalk_20210701_152102370.mp4
  artifactKey: Guid(c0154cbfe9ca6f740a323e475fa5a137) Importer(815301076,1909f56bfc062723c751e8b465ee728b)
Start importing Assets/KakaoTalk_20210701_152102370.mp4 using Guid(c0154cbfe9ca6f740a323e475fa5a137) Importer(815301076,1909f56bfc062723c751e8b465ee728b)  -> (artifact id: '538dbf0b51e24f1deb45cbbff1e19944') in 0.003439 seconds 
  Import took 0.005733 seconds .

========================================================================
Received Import Request.
  Time since last request: 0.000623 seconds.
  path: Assets/KakaoTalk_20210701_152102370.mp4
  artifactKey: Guid(c0154cbfe9ca6f740a323e475fa5a137) Importer(815301076,1909f56bfc062723c751e8b465ee728b)
Start importing Assets/KakaoTalk_20210701_152102370.mp4 using Guid(c0154cbfe9ca6f740a323e475fa5a137) Importer(815301076,1909f56bfc062723c751e8b465ee728b)  -> (artifact id: '538dbf0b51e24f1deb45cbbff1e19944') in 0.003270 seconds 
  Import took 0.005500 seconds .

========================================================================
Received Import Request.
  Time since last request: 9.035775 seconds.
  path: Assets/ReferenceImageLibrary.asset
  artifactKey: Guid(b7162b6a3690557489a0c7b563021a3e) Importer(815301076,1909f56bfc062723c751e8b465ee728b)
Start importing Assets/ReferenceImageLibrary.asset using Guid(b7162b6a3690557489a0c7b563021a3e) Importer(815301076,1909f56bfc062723c751e8b465ee728b)  -> (artifact id: '10ae6a4958a43f66699d3ccecb3ea908') in 0.009969 seconds 
  Import took 0.012357 seconds .

========================================================================
Received Prepare
Refreshing native plugins compatible for Editor in 5.47 ms, found 2 plugins.
Preloading 0 native plugins for Editor in 0.00 ms.
Unloading 14 Unused Serialized files (Serialized files now loaded: 0)
System memory in use before: 48.3 MB.
System memory in use after: 48.3 MB.

Unloading 13 unused Assets to reduce memory usage. Loaded Objects now: 2261.
Total: 2.322200 ms (FindLiveObjects: 0.214700 ms CreateObjectMapping: 0.115400 ms MarkObjects: 1.939900 ms  DeleteObjects: 0.050800 ms)

AssetImportParameters requested are different than current active one (requested -> active):
  custom:framework-win-MediaFoundation: 216162199b28c13a410421893ffa2e32 -> 
  custom:video-decoder-ogg-theora: a1e56fd34408186e4bbccfd4996cb3dc -> 
  custom:container-muxer-webm: aa71ff27fc2769a1b78a27578f13a17b -> 
  custom:container-demuxer-webm: 4f35f7cbe854078d1ac9338744f61a02 -> 
  custom:container-demuxer-ogg: 62fdf1f143b41e24485cea50d1cbac27 -> 
  custom:video-encoder-webm-vp8: eb34c28f22e8b96e1ab97ce403110664 -> 
  custom:video-decoder-webm-vp8: 9c59270c3fd7afecdb556c50c9e8de78 -> 
  custom:audio-decoder-ogg-vorbis: bf7c407c2cedff20999df2af8eb42d56 -> 
  custom:audio-encoder-webm-vorbis: bf7c407c2cedff20999df2af8eb42d56 -> 
========================================================================
Received Import Request.
  Time since last request: 347.386449 seconds.
  path: Assets/KakaoTalk_20210701_152102370.mp4
  artifactKey: Guid(c0154cbfe9ca6f740a323e475fa5a137) Importer(815301076,1909f56bfc062723c751e8b465ee728b)
Start importing Assets/KakaoTalk_20210701_152102370.mp4 using Guid(c0154cbfe9ca6f740a323e475fa5a137) Importer(815301076,1909f56bfc062723c751e8b465ee728b)  -> (artifact id: 'bfd54d657395d043f822d3c51947ddf9') in 0.005321 seconds 
  Import took 0.008358 seconds .

========================================================================
Received Import Request.
  Time since last request: 1295.632390 seconds.
  path: Assets/XR/XRGeneralSettings.asset
  artifactKey: Guid(2db91a7b5983c954883f821fdce3d3c2) Importer(815301076,1909f56bfc062723c751e8b465ee728b)
Start importing Assets/XR/XRGeneralSettings.asset using Guid(2db91a7b5983c954883f821fdce3d3c2) Importer(815301076,1909f56bfc062723c751e8b465ee728b)  -> (artifact id: '4cefc33be3ec37917ae53176d4affe84') in 0.011595 seconds 
  Import took 0.014542 seconds .

========================================================================
Received Import Request.
  Time since last request: 0.007130 seconds.
  path: Assets/XR
  artifactKey: Guid(0aca6f8594fee4f4390b6742c12b9ded) Importer(815301076,1909f56bfc062723c751e8b465ee728b)
Start importing Assets/XR using Guid(0aca6f8594fee4f4390b6742c12b9ded) Importer(815301076,1909f56bfc062723c751e8b465ee728b)  -> (artifact id: '7d13eb3d1f81b1007568ce27b2898f44') in 0.002995 seconds 
  Import took 0.005689 seconds .

========================================================================
Received Import Request.
  Time since last request: 0.003455 seconds.
  path: Assets/XR/Settings/AR Kit Settings.asset
  artifactKey: Guid(206c2c40c86b211418a9ea8a1ee8d144) Importer(815301076,1909f56bfc062723c751e8b465ee728b)
Start importing Assets/XR/Settings/AR Kit Settings.asset using Guid(206c2c40c86b211418a9ea8a1ee8d144) Importer(815301076,1909f56bfc062723c751e8b465ee728b)  -> (artifact id: 'fdb719bf1bc4b5d08b1b2ff5ad5e89e0') in 0.004229 seconds 
  Import took 0.006511 seconds .

========================================================================
Received Import Request.
  Time since last request: 0.006517 seconds.
  path: Assets/XR/Settings/AR Core Settings.asset
  artifactKey: Guid(b2a25eb502768c644b17f6459ef93440) Importer(815301076,1909f56bfc062723c751e8b465ee728b)
Start importing Assets/XR/Settings/AR Core Settings.asset using Guid(b2a25eb502768c644b17f6459ef93440) Importer(815301076,1909f56bfc062723c751e8b465ee728b)  -> (artifact id: 'f95897f39e85c8f5587bedb14cfa372f') in 0.004027 seconds 
  Import took 0.006331 seconds .

========================================================================
Received Import Request.
  Time since last request: 0.002635 seconds.
  path: Assets/XR/Loaders
  artifactKey: Guid(ce920aff211a3184292410e6c1348226) Importer(815301076,1909f56bfc062723c751e8b465ee728b)
Start importing Assets/XR/Loaders using Guid(ce920aff211a3184292410e6c1348226) Importer(815301076,1909f56bfc062723c751e8b465ee728b)  -> (artifact id: '7ca82f2fda33faa286c59d2bbb09ac7c') in 0.002770 seconds 
  Import took 0.004639 seconds .

========================================================================
Received Import Request.
  Time since last request: 0.007268 seconds.
  path: Assets/XR/Settings
  artifactKey: Guid(bd1063406e7e12b4ab0f2577ae78df22) Importer(815301076,1909f56bfc062723c751e8b465ee728b)
Start importing Assets/XR/Settings using Guid(bd1063406e7e12b4ab0f2577ae78df22) Importer(815301076,1909f56bfc062723c751e8b465ee728b)  -> (artifact id: '19db0b8669e68a3ef0beb08d3a940a89') in 0.002779 seconds 
  Import took 0.004851 seconds .

========================================================================
Received Import Request.
  Time since last request: 0.003344 seconds.
  path: Assets/XR/Loaders/AR Core Loader.asset
  artifactKey: Guid(36049408584bd574f81e6c5b68a03b71) Importer(815301076,1909f56bfc062723c751e8b465ee728b)
Start importing Assets/XR/Loaders/AR Core Loader.asset using Guid(36049408584bd574f81e6c5b68a03b71) Importer(815301076,1909f56bfc062723c751e8b465ee728b)  -> (artifact id: '13276340c6fe971eaaada6a34840b340') in 0.003400 seconds 
  Import took 0.005240 seconds .

========================================================================
Received Import Request.
  Time since last request: 0.003392 seconds.
  path: Assets/XR/Loaders/AR Kit Loader.asset
  artifactKey: Guid(7230338e70627c7428ac6ff27757c628) Importer(815301076,1909f56bfc062723c751e8b465ee728b)
Start importing Assets/XR/Loaders/AR Kit Loader.asset using Guid(7230338e70627c7428ac6ff27757c628) Importer(815301076,1909f56bfc062723c751e8b465ee728b)  -> (artifact id: '12ff3bf57facf53d522507dd622e656a') in 0.004086 seconds 
  Import took 0.005913 seconds .

========================================================================
Received Import Request.
  Time since last request: 0.007465 seconds.
  path: Assets/Scenes/SampleScene.unity
  artifactKey: Guid(9fc0d4010bbf28b4594072e72b8655ab) Importer(815301076,1909f56bfc062723c751e8b465ee728b)
Start importing Assets/Scenes/SampleScene.unity using Guid(9fc0d4010bbf28b4594072e72b8655ab) Importer(815301076,1909f56bfc062723c751e8b465ee728b)  -> (artifact id: '85059f4f9e1a832ed95adaa0d25c5c4c') in 0.003078 seconds 
  Import took 0.005344 seconds .

========================================================================
Received Import Request.
  Time since last request: 0.002388 seconds.
  path: Assets/Scenes
  artifactKey: Guid(afd2a9d235e92744183cf912c8b3ec05) Importer(815301076,1909f56bfc062723c751e8b465ee728b)
Start importing Assets/Scenes using Guid(afd2a9d235e92744183cf912c8b3ec05) Importer(815301076,1909f56bfc062723c751e8b465ee728b)  -> (artifact id: 'dcd6b355f8e596a2b1d4bb9148fd86a8') in 0.002647 seconds 
  Import took 0.004642 seconds .

AssetImportWorkerClient::OnTransportError - code=2 error=End of file
